d:\users\ikevink\git\skynet\skynet\release\skynet2.pch
d:\users\ikevink\git\skynet\skynet\release\vc141.pdb
d:\users\ikevink\git\skynet\skynet\release\stdafx.obj
d:\users\ikevink\git\skynet\skynet\release\skynet.obj
d:\users\ikevink\git\skynet\skynet\release\settings.obj
d:\users\ikevink\git\skynet\skynet\release\inireader.obj
d:\users\ikevink\git\skynet\skynet\release\ini.obj
d:\users\ikevink\git\skynet\skynet\release\gamewindowreadwin7.obj
d:\users\ikevink\git\skynet\skynet\release\gamewindowreadwin10.obj
d:\users\ikevink\git\skynet\skynet\release\gamewindowmemoryread.obj
d:\users\ikevink\git\skynet\skynet\release\gamewindow.obj
d:\users\ikevink\git\skynet\skynet\release\controller.obj
d:\users\ikevink\git\skynet\release\skynet2.exe
d:\users\ikevink\git\skynet\release\skynet2.pdb
d:\users\ikevink\git\skynet\release\skynet2.ipdb
d:\users\ikevink\git\skynet\release\skynet2.iobj
d:\users\ikevink\git\skynet\skynet\release\skynet2.tlog\cl.command.1.tlog
d:\users\ikevink\git\skynet\skynet\release\skynet2.tlog\cl.read.1.tlog
d:\users\ikevink\git\skynet\skynet\release\skynet2.tlog\cl.write.1.tlog
d:\users\ikevink\git\skynet\skynet\release\skynet2.tlog\link.command.1.tlog
d:\users\ikevink\git\skynet\skynet\release\skynet2.tlog\link.read.1.tlog
d:\users\ikevink\git\skynet\skynet\release\skynet2.tlog\link.write.1.tlog
d:\users\ikevink\git\skynet\skynet\release\skynet2.tlog\skynet2.write.1u.tlog
